c:\users\andre\source\repos\cpptspalgorithm\cpptspalgorithm\x64\debug\qrc_cpptspalgorithm.obj
c:\users\andre\source\repos\cpptspalgorithm\cpptspalgorithm\x64\debug\moc_cpptspalgorithm.obj
c:\users\andre\source\repos\cpptspalgorithm\cpptspalgorithm\x64\debug\main.obj
c:\users\andre\source\repos\cpptspalgorithm\cpptspalgorithm\x64\debug\cpptspalgorithm.obj
c:\users\andre\source\repos\cpptspalgorithm\cpptspalgorithm\x64\debug\quadtree.obj
c:\users\andre\source\repos\cpptspalgorithm\cpptspalgorithm\x64\debug\point.obj
c:\users\andre\source\repos\cpptspalgorithm\cpptspalgorithm\x64\debug\mytimer.obj
c:\users\andre\source\repos\cpptspalgorithm\cpptspalgorithm\x64\debug\vc142.pdb
c:\users\andre\source\repos\cpptspalgorithm\cpptspalgorithm\x64\debug\uic\ui_cpptspalgorithm.h
c:\users\andre\source\repos\cpptspalgorithm\cpptspalgorithm\x64\debug\rcc\qrc_cpptspalgorithm.cpp
c:\users\andre\source\repos\cpptspalgorithm\cpptspalgorithm\x64\debug\moc\moc_cpptspalgorithm.cpp
c:\users\andre\source\repos\cpptspalgorithm\x64\debug\cpptspalgorithm.exe
c:\users\andre\source\repos\cpptspalgorithm\x64\debug\cpptspalgorithm.ilk
c:\users\andre\source\repos\cpptspalgorithm\x64\debug\cpptspalgorithm.pdb
c:\users\andre\source\repos\cpptspalgorithm\cpptspalgorithm\x64\debug\cpptspalgorithm.tlog\cl.command.1.tlog
c:\users\andre\source\repos\cpptspalgorithm\cpptspalgorithm\x64\debug\cpptspalgorithm.tlog\cl.read.1.tlog
c:\users\andre\source\repos\cpptspalgorithm\cpptspalgorithm\x64\debug\cpptspalgorithm.tlog\cl.write.1.tlog
c:\users\andre\source\repos\cpptspalgorithm\cpptspalgorithm\x64\debug\cpptspalgorithm.tlog\cpptspalgorithm.write.1u.tlog
c:\users\andre\source\repos\cpptspalgorithm\cpptspalgorithm\x64\debug\cpptspalgorithm.tlog\link.command.1.tlog
c:\users\andre\source\repos\cpptspalgorithm\cpptspalgorithm\x64\debug\cpptspalgorithm.tlog\link.read.1.tlog
c:\users\andre\source\repos\cpptspalgorithm\cpptspalgorithm\x64\debug\cpptspalgorithm.tlog\link.write.1.tlog
c:\users\andre\source\repos\cpptspalgorithm\cpptspalgorithm\x64\debug\cpptspalgorithm.tlog\moc.read.1u.tlog
c:\users\andre\source\repos\cpptspalgorithm\cpptspalgorithm\x64\debug\cpptspalgorithm.tlog\moc.write.1u.tlog
c:\users\andre\source\repos\cpptspalgorithm\cpptspalgorithm\x64\debug\cpptspalgorithm.tlog\rcc.read.1u.tlog
c:\users\andre\source\repos\cpptspalgorithm\cpptspalgorithm\x64\debug\cpptspalgorithm.tlog\rcc.write.1u.tlog
c:\users\andre\source\repos\cpptspalgorithm\cpptspalgorithm\x64\debug\cpptspalgorithm.tlog\uic.read.1u.tlog
c:\users\andre\source\repos\cpptspalgorithm\cpptspalgorithm\x64\debug\cpptspalgorithm.tlog\uic.write.1u.tlog
